<?xml version="1.0" encoding="UTF-8"?>
<testsuite xmlns:xsi="http://www.w3.org/2001/XMLSchema-instance" xsi:noNamespaceSchemaLocation="https://maven.apache.org/surefire/maven-surefire-plugin/xsd/surefire-test-report-3.0.xsd" version="3.0" name="com.cpb.customerdemo.TransactionControllerIntegrationTest" time="10.959" tests="1" errors="0" skipped="0" failures="0">
  <properties>
[...]
</properties>
  <testcase name="createAndReadTransaction" classname="com.cpb.customerdemo.TransactionControllerIntegrationTest" time="0.34">
    <system-out><![CDATA[20:58:31.834 [main] INFO org.springframework.test.context.support.AnnotationConfigContextLoaderUtils -- Could not detect default configuration classes for test class [com.cpb.customerdemo.TransactionControllerIntegrationTest]: TransactionControllerIntegrationTest does not declare any static, non-private, non-final, nested classes annotated with @Configuration.
20:58:32.163 [main] INFO org.springframework.boot.test.context.SpringBootTestContextBootstrapper -- Found @SpringBootConfiguration com.cpb.customerdemo.Application for test class com.cpb.customerdemo.TransactionControllerIntegrationTest
  .   ____          _            __ _ _
 /\\ / ___'_ __ _ _(_)_ __  __ _ \ \ \ \
( ( )\___ | '_ | '_| | '_ \/ _` | \ \ \ \
 \\/  ___)| |_)| | | | | || (_| |  ) ) ) )
  '  |____| .__|_| |_|_| |_\__, | / / / /
 =========|_|==============|___/=/_/_/_/

 :: Spring Boot ::                (v3.3.0)

2025-06-20T20:58:33.259+02:00  INFO 85419 --- [           main] c.c.TransactionControllerIntegrationTest : Starting TransactionControllerIntegrationTest using Java 17.0.14 with PID 85419 (started by macx116 in /Users/macx116/Documents/projects/tutorial/github/cpb-demo/cpb-customer-demo/backend)
2025-06-20T20:58:33.262+02:00  INFO 85419 --- [           main] c.c.TransactionControllerIntegrationTest : No active profile set, falling back to 1 default profile: "default"
2025-06-20T20:58:34.568+02:00  INFO 85419 --- [           main] .s.d.r.c.RepositoryConfigurationDelegate : Bootstrapping Spring Data JPA repositories in DEFAULT mode.
2025-06-20T20:58:34.693+02:00  INFO 85419 --- [           main] .s.d.r.c.RepositoryConfigurationDelegate : Finished Spring Data repository scanning in 104 ms. Found 3 JPA repository interfaces.
2025-06-20T20:58:35.751+02:00  INFO 85419 --- [           main] o.hibernate.jpa.internal.util.LogHelper  : HHH000204: Processing PersistenceUnitInfo [name: default]
2025-06-20T20:58:35.950+02:00  INFO 85419 --- [           main] org.hibernate.Version                    : HHH000412: Hibernate ORM core version 6.5.2.Final
2025-06-20T20:58:36.069+02:00  INFO 85419 --- [           main] o.h.c.internal.RegionFactoryInitiator    : HHH000026: Second-level cache disabled
2025-06-20T20:58:36.463+02:00  INFO 85419 --- [           main] o.s.o.j.p.SpringPersistenceUnitInfo      : No LoadTimeWeaver setup: ignoring JPA class transformer
2025-06-20T20:58:36.537+02:00  INFO 85419 --- [           main] com.zaxxer.hikari.HikariDataSource       : HikariPool-1 - Starting...
2025-06-20T20:58:37.426+02:00  INFO 85419 --- [           main] com.zaxxer.hikari.pool.HikariPool        : HikariPool-1 - Added connection conn0: url=jdbc:h2:mem:testdb user=SA
2025-06-20T20:58:37.429+02:00  INFO 85419 --- [           main] com.zaxxer.hikari.HikariDataSource       : HikariPool-1 - Start completed.
2025-06-20T20:58:37.505+02:00  WARN 85419 --- [           main] org.hibernate.orm.deprecation            : HHH90000025: H2Dialect does not need to be specified explicitly using 'hibernate.dialect' (remove the property setting and it will be selected by default)
2025-06-20T20:58:39.468+02:00  INFO 85419 --- [           main] o.h.e.t.j.p.i.JtaPlatformInitiator       : HHH000489: No JTA platform available (set 'hibernate.transaction.jta.platform' to enable JTA platform integration)
2025-06-20T20:58:39.602+02:00  INFO 85419 --- [           main] j.LocalContainerEntityManagerFactoryBean : Initialized JPA EntityManagerFactory for persistence unit 'default'
2025-06-20T20:58:40.289+02:00  WARN 85419 --- [           main] JpaBaseConfiguration$JpaWebConfiguration : spring.jpa.open-in-view is enabled by default. Therefore, database queries may be performed during view rendering. Explicitly configure spring.jpa.open-in-view to disable this warning
2025-06-20T20:58:40.358+02:00  INFO 85419 --- [           main] r$InitializeUserDetailsManagerConfigurer : Global AuthenticationManager configured with UserDetailsService bean with name userDetailsServiceImpl
2025-06-20T20:58:40.936+02:00  INFO 85419 --- [           main] o.s.s.web.DefaultSecurityFilterChain     : Will secure any request with [org.springframework.security.web.session.DisableEncodeUrlFilter@6038ed66, org.springframework.security.web.context.request.async.WebAsyncManagerIntegrationFilter@15317dc9, org.springframework.security.web.context.SecurityContextHolderFilter@23e1d19f, org.springframework.security.web.header.HeaderWriterFilter@53d01be, org.springframework.web.filter.CorsFilter@6e0d9d4a, org.springframework.security.web.authentication.logout.LogoutFilter@7967b127, org.springframework.security.web.authentication.www.BasicAuthenticationFilter@4fe3058, org.springframework.security.web.savedrequest.RequestCacheAwareFilter@2ad077c8, org.springframework.security.web.servletapi.SecurityContextHolderAwareRequestFilter@45983773, org.springframework.security.web.authentication.AnonymousAuthenticationFilter@48fbdad6, org.springframework.security.web.access.ExceptionTranslationFilter@716ccf44, org.springframework.security.web.access.intercept.AuthorizationFilter@70bd17ed]
2025-06-20T20:58:41.429+02:00  INFO 85419 --- [           main] o.s.b.t.m.w.SpringBootMockServletContext : Initializing Spring TestDispatcherServlet ''
2025-06-20T20:58:41.429+02:00  INFO 85419 --- [           main] o.s.t.web.servlet.TestDispatcherServlet  : Initializing Servlet ''
2025-06-20T20:58:41.431+02:00  INFO 85419 --- [           main] o.s.t.web.servlet.TestDispatcherServlet  : Completed initialization in 1 ms
2025-06-20T20:58:41.459+02:00  INFO 85419 --- [           main] c.c.TransactionControllerIntegrationTest : Started TransactionControllerIntegrationTest in 8.893 seconds (process running for 14.945)
]]></system-out>
  </testcase>
</testsuite>